<?xml version="1.0" encoding="UTF-8"?>
<testsuite xmlns:xsi="http://www.w3.org/2001/XMLSchema-instance" xsi:noNamespaceSchemaLocation="https://maven.apache.org/surefire/maven-surefire-plugin/xsd/surefire-test-report.xsd" name="TestSuite" time="0.559" tests="5" errors="0" skipped="0" failures="0">
  <properties>
    <property name="sun.desktop" value="windows"/>
    <property name="awt.toolkit" value="sun.awt.windows.WToolkit"/>
    <property name="java.specification.version" value="11"/>
    <property name="sun.cpu.isalist" value="amd64"/>
    <property name="sun.jnu.encoding" value="Cp1252"/>
    <property name="java.class.path" value="C:\Users\jeffi\IdeaProjects\SamplePipelineProject\target\test-classes;C:\Users\jeffi\IdeaProjects\SamplePipelineProject\target\classes;C:\Users\jeffi\.m2\repository\org\testng\testng\7.4.0\testng-7.4.0.jar;C:\Users\jeffi\.m2\repository\com\beust\jcommander\1.78\jcommander-1.78.jar;C:\Users\jeffi\.m2\repository\org\webjars\jquery\3.5.1\jquery-3.5.1.jar;"/>
    <property name="java.vm.vendor" value="Oracle Corporation"/>
    <property name="sun.arch.data.model" value="64"/>
    <property name="user.variant" value=""/>
    <property name="java.vendor.url" value="https://openjdk.java.net/"/>
    <property name="user.timezone" value="Asia/Calcutta"/>
    <property name="java.vm.specification.version" value="11"/>
    <property name="os.name" value="Windows 11"/>
    <property name="sun.java.launcher" value="SUN_STANDARD"/>
    <property name="user.country" value="US"/>
    <property name="sun.boot.library.path" value="C:\Program Files\Java\jdk-11.0.15\bin"/>
    <property name="sun.java.command" value="C:\Users\jeffi\AppData\Local\Temp\surefire13491949976643139627\surefirebooter840091992109563828.jar C:\Users\jeffi\AppData\Local\Temp\surefire13491949976643139627 2023-01-16T23-39-37_774-jvmRun1 surefire11682009160454733862tmp surefire_04058086451880931697tmp"/>
    <property name="jdk.debug" value="release"/>
    <property name="surefire.test.class.path" value="C:\Users\jeffi\IdeaProjects\SamplePipelineProject\target\test-classes;C:\Users\jeffi\IdeaProjects\SamplePipelineProject\target\classes;C:\Users\jeffi\.m2\repository\org\testng\testng\7.4.0\testng-7.4.0.jar;C:\Users\jeffi\.m2\repository\com\beust\jcommander\1.78\jcommander-1.78.jar;C:\Users\jeffi\.m2\repository\org\webjars\jquery\3.5.1\jquery-3.5.1.jar;"/>
    <property name="sun.cpu.endian" value="little"/>
    <property name="user.home" value="C:\Users\jeffi"/>
    <property name="user.language" value="en"/>
    <property name="java.specification.vendor" value="Oracle Corporation"/>
    <property name="java.version.date" value="2022-04-19"/>
    <property name="java.home" value="C:\Program Files\Java\jdk-11.0.15"/>
    <property name="file.separator" value="\"/>
    <property name="basedir" value="C:\Users\jeffi\IdeaProjects\SamplePipelineProject"/>
    <property name="java.vm.compressedOopsMode" value="Zero based"/>
    <property name="line.separator" value="&#10;"/>
    <property name="java.specification.name" value="Java Platform API Specification"/>
    <property name="java.vm.specification.vendor" value="Oracle Corporation"/>
    <property name="java.awt.graphicsenv" value="sun.awt.Win32GraphicsEnvironment"/>
    <property name="surefire.real.class.path" value="C:\Users\jeffi\AppData\Local\Temp\surefire13491949976643139627\surefirebooter840091992109563828.jar"/>
    <property name="user.script" value=""/>
    <property name="sun.management.compiler" value="HotSpot 64-Bit Tiered Compilers"/>
    <property name="java.runtime.version" value="11.0.15+8-LTS-149"/>
    <property name="user.name" value="jeffi"/>
    <property name="path.separator" value=";"/>
    <property name="os.version" value="10.0"/>
    <property name="java.runtime.name" value="Java(TM) SE Runtime Environment"/>
    <property name="file.encoding" value="Cp1252"/>
    <property name="java.vm.name" value="Java HotSpot(TM) 64-Bit Server VM"/>
    <property name="java.vendor.version" value="18.9"/>
    <property name="localRepository" value="C:\Users\jeffi\.m2\repository"/>
    <property name="java.vendor.url.bug" value="https://bugreport.java.com/bugreport/"/>
    <property name="java.io.tmpdir" value="C:\Users\jeffi\AppData\Local\Temp\"/>
    <property name="java.version" value="11.0.15"/>
    <property name="user.dir" value="C:\Users\jeffi\IdeaProjects\SamplePipelineProject"/>
    <property name="os.arch" value="amd64"/>
    <property name="java.vm.specification.name" value="Java Virtual Machine Specification"/>
    <property name="java.awt.printerjob" value="sun.awt.windows.WPrinterJob"/>
    <property name="sun.os.patch.level" value=""/>
    <property name="java.library.path" value="C:\Program Files\Java\jdk-11.0.15\bin;C:\WINDOWS\Sun\Java\bin;C:\WINDOWS\system32;C:\WINDOWS;C:\WINDOWS\system32;C:\WINDOWS;C:\WINDOWS\System32\Wbem;C:\WINDOWS\System32\WindowsPowerShell\v1.0\;C:\WINDOWS\System32\OpenSSH\;D:\Software development\node\;C:\Users\jeffi\AppData\Local\Android\Sdk\tools\bin;C:\Users\jeffi\AppData\Local\Android\Sdk\tools;C:\Users\jeffi\AppData\Local\Android\Sdk\platform-tools;D:\Software development\node\node_modules\npm\bin;D:\Software development\Maven\apache-maven-3.8.5\bin;C:\Program Files\Java\jdk-11.0.15\bin;C:\Program Files\Git\cmd;D:\Software development\Gradle\gradle-7.5\bin;C:\Users\jeffi\AppData\Local\Programs\Python\Python310\Scripts\;C:\Users\jeffi\AppData\Local\Programs\Python\Python310\;C:\Users\jeffi\AppData\Local\Microsoft\WindowsApps;C:\Users\jeffi\AppData\Roaming\npm;C:\Program Files\OpenSSL-Win64\bin;;D:\IntelliJ\IntelliJ IDEA Community Edition 2022.2\bin;;."/>
    <property name="java.vendor" value="Oracle Corporation"/>
    <property name="java.vm.info" value="mixed mode"/>
    <property name="java.vm.version" value="11.0.15+8-LTS-149"/>
    <property name="sun.io.unicode.encoding" value="UnicodeLittle"/>
    <property name="java.class.version" value="55.0"/>
  </properties>
  <testcase name="testcase_1" classname="SampleTest" time="0.003"/>
  <testcase name="testcase_2" classname="SampleTest" time="0"/>
  <testcase name="testcase_3" classname="SampleTest" time="0"/>
  <testcase name="testcase_4" classname="SampleTest" time="0"/>
  <testcase name="testcase_5" classname="SampleTest" time="0"/>
</testsuite>