<?xml version="1.0" encoding="UTF-8"?>
<!-- Generated by org.testng.reporters.JUnitReportReporter -->
<testsuite hostname="LAPTOP-HANTLPHQ" failures="0" tests="5" name="SampleTest" time="0.004" errors="0" timestamp="2023-01-16T23:39:38 IST" skipped="0">
  <testcase classname="SampleTest" name="testcase_4" time="0.000"/>
  <system-out/>
  <testcase classname="SampleTest" name="testcase_3" time="0.000"/>
  <system-out/>
  <testcase classname="SampleTest" name="testcase_5" time="0.001"/>
  <system-out/>
  <testcase classname="SampleTest" name="testcase_2" time="0.000"/>
  <system-out/>
  <testcase classname="SampleTest" name="testcase_1" time="0.003"/>
  <system-out/>
</testsuite> <!-- SampleTest -->
